# JRE version: OpenJDK Runtime Environment (8.0_152-b01) (build 1.8.0_152-release-915-b01)
# Java VM: OpenJDK 64-Bit Server VM (25.152-b01 mixed mode windows-amd64 compressed oops)
Heap:
 PSYoungGen      total 475648K, used 25631K [0x00000000e0000000, 0x0000000100000000, 0x0000000100000000)
  eden space 449536K, 0% used [0x00000000e0000000,0x00000000e0000000,0x00000000fb700000)
  from space 26112K, 98% used [0x00000000fb700000,0x00000000fd007cc8,0x00000000fd080000)
  to   space 39424K, 0% used [0x00000000fd980000,0x00000000fd980000,0x0000000100000000)
 ParOldGen       total 159744K, used 143782K [0x00000000a0000000, 0x00000000a9c00000, 0x00000000e0000000)
  object space 159744K, 90% used [0x00000000a0000000,0x00000000a8c699d8,0x00000000a9c00000)
 Metaspace       used 109485K, capacity 114858K, committed 114964K, reserved 1148928K
  class space    used 13738K, capacity 14864K, committed 14908K, reserved 1048576K
GC Heap History (10 events):
Event: 334.075 GC heap after
Heap after GC invocations=37 (full 4):
 PSYoungGen      total 407552K, used 30534K [0x00000000e0000000, 0x00000000ff500000, 0x0000000100000000)
  eden space 373760K, 0% used [0x00000000e0000000,0x00000000e0000000,0x00000000f6d00000)
  from space 33792K, 90% used [0x00000000f6d00000,0x00000000f8ad1aa0,0x00000000f8e00000)
  to   space 38912K, 0% used [0x00000000fcf00000,0x00000000fcf00000,0x00000000ff500000)
 ParOldGen       total 159744K, used 114573K [0x00000000a0000000, 0x00000000a9c00000, 0x00000000e0000000)
  object space 159744K, 71% used [0x00000000a0000000,0x00000000a6fe3410,0x00000000a9c00000)
 Metaspace       used 103355K, capacity 107010K, committed 107156K, reserved 1142784K
  class space    used 12957K, capacity 13723K, committed 13756K, reserved 1048576K
}
Event: 336.006 GC heap before
{Heap before GC invocations=38 (full 4):
 PSYoungGen      total 407552K, used 403986K [0x00000000e0000000, 0x00000000ff500000, 0x0000000100000000)
  eden space 373760K, 99% used [0x00000000e0000000,0x00000000f6cb3130,0x00000000f6d00000)
  from space 33792K, 90% used [0x00000000f6d00000,0x00000000f8ad1aa0,0x00000000f8e00000)
  to   space 38912K, 0% used [0x00000000fcf00000,0x00000000fcf00000,0x00000000ff500000)
 ParOldGen       total 159744K, used 114573K [0x00000000a0000000, 0x00000000a9c00000, 0x00000000e0000000)
  object space 159744K, 71% used [0x00000000a0000000,0x00000000a6fe3410,0x00000000a9c00000)
 Metaspace       used 103407K, capacity 107092K, committed 107156K, reserved 1142784K
  class space    used 12959K, capacity 13726K, committed 13756K, reserved 1048576K
Event: 336.030 GC heap after
Heap after GC invocations=38 (full 4):
 PSYoungGen      total 463872K, used 13106K [0x00000000e0000000, 0x00000000fed80000, 0x0000000100000000)
  eden space 432640K, 0% used [0x00000000e0000000,0x00000000e0000000,0x00000000fa680000)
  from space 31232K, 41% used [0x00000000fcf00000,0x00000000fdbcca60,0x00000000fed80000)
  to   space 36352K, 0% used [0x00000000fa680000,0x00000000fa680000,0x00000000fca00000)
 ParOldGen       total 159744K, used 122938K [0x00000000a0000000, 0x00000000a9c00000, 0x00000000e0000000)
  object space 159744K, 76% used [0x00000000a0000000,0x00000000a780eaa0,0x00000000a9c00000)
 Metaspace       used 103407K, capacity 107092K, committed 107156K, reserved 1142784K
  class space    used 12959K, capacity 13726K, committed 13756K, reserved 1048576K
}
Event: 1268.595 GC heap before
{Heap before GC invocations=39 (full 4):
 PSYoungGen      total 463872K, used 445746K [0x00000000e0000000, 0x00000000fed80000, 0x0000000100000000)
  eden space 432640K, 100% used [0x00000000e0000000,0x00000000fa680000,0x00000000fa680000)
  from space 31232K, 41% used [0x00000000fcf00000,0x00000000fdbcca60,0x00000000fed80000)
  to   space 36352K, 0% used [0x00000000fa680000,0x00000000fa680000,0x00000000fca00000)
 ParOldGen       total 159744K, used 122938K [0x00000000a0000000, 0x00000000a9c00000, 0x00000000e0000000)
  object space 159744K, 76% used [0x00000000a0000000,0x00000000a780eaa0,0x00000000a9c00000)
 Metaspace       used 104121K, capacity 107990K, committed 108180K, reserved 1142784K
  class space    used 13057K, capacity 13908K, committed 14012K, reserved 1048576K
Event: 1268.625 GC heap after
Heap after GC invocations=39 (full 4):
 PSYoungGen      total 468992K, used 1904K [0x00000000e0000000, 0x0000000100000000, 0x0000000100000000)
  eden space 432640K, 0% used [0x00000000e0000000,0x00000000e0000000,0x00000000fa680000)
  from space 36352K, 5% used [0x00000000fa680000,0x00000000fa85c010,0x00000000fca00000)
  to   space 35840K, 0% used [0x00000000fdd00000,0x00000000fdd00000,0x0000000100000000)
 ParOldGen       total 159744K, used 123090K [0x00000000a0000000, 0x00000000a9c00000, 0x00000000e0000000)
  object space 159744K, 77% used [0x00000000a0000000,0x00000000a7834aa0,0x00000000a9c00000)
 Metaspace       used 104121K, capacity 107990K, committed 108180K, reserved 1142784K
  class space    used 13057K, capacity 13908K, committed 14012K, reserved 1048576K
}
Event: 1558.739 GC heap before
{Heap before GC invocations=40 (full 4):
 PSYoungGen      total 468992K, used 434544K [0x00000000e0000000, 0x0000000100000000, 0x0000000100000000)
  eden space 432640K, 100% used [0x00000000e0000000,0x00000000fa680000,0x00000000fa680000)
  from space 36352K, 5% used [0x00000000fa680000,0x00000000fa85c010,0x00000000fca00000)
  to   space 35840K, 0% used [0x00000000fdd00000,0x00000000fdd00000,0x0000000100000000)
 ParOldGen       total 159744K, used 123090K [0x00000000a0000000, 0x00000000a9c00000, 0x00000000e0000000)
  object space 159744K, 77% used [0x00000000a0000000,0x00000000a7834aa0,0x00000000a9c00000)
 Metaspace       used 108152K, capacity 113264K, committed 113428K, reserved 1148928K
  class space    used 13681K, capacity 14789K, committed 14908K, reserved 1048576K
Event: 1558.782 GC heap after
Heap after GC invocations=40 (full 4):
 PSYoungGen      total 485376K, used 22466K [0x00000000e0000000, 0x0000000100000000, 0x0000000100000000)
  eden space 449536K, 0% used [0x00000000e0000000,0x00000000e0000000,0x00000000fb700000)
  from space 35840K, 62% used [0x00000000fdd00000,0x00000000ff2f0af8,0x0000000100000000)
  to   space 37376K, 0% used [0x00000000fb700000,0x00000000fb700000,0x00000000fdb80000)
 ParOldGen       total 159744K, used 124093K [0x00000000a0000000, 0x00000000a9c00000, 0x00000000e0000000)
  object space 159744K, 77% used [0x00000000a0000000,0x00000000a792f4d0,0x00000000a9c00000)
 Metaspace       used 108152K, capacity 113264K, committed 113428K, reserved 1148928K
  class space    used 13681K, capacity 14789K, committed 14908K, reserved 1048576K
}
Event: 1569.589 GC heap before
{Heap before GC invocations=41 (full 4):
 PSYoungGen      total 485376K, used 472002K [0x00000000e0000000, 0x0000000100000000, 0x0000000100000000)
  eden space 449536K, 100% used [0x00000000e0000000,0x00000000fb700000,0x00000000fb700000)
  from space 35840K, 62% used [0x00000000fdd00000,0x00000000ff2f0af8,0x0000000100000000)
  to   space 37376K, 0% used [0x00000000fb700000,0x00000000fb700000,0x00000000fdb80000)
 ParOldGen       total 159744K, used 124093K [0x00000000a0000000, 0x00000000a9c00000, 0x00000000e0000000)
  object space 159744K, 77% used [0x00000000a0000000,0x00000000a792f4d0,0x00000000a9c00000)
 Metaspace       used 109485K, capacity 114858K, committed 114964K, reserved 1148928K
  class space    used 13738K, capacity 14864K, committed 14908K, reserved 1048576K
Event: 1569.646 GC heap after
Heap after GC invocations=41 (full 4):
 PSYoungGen      total 475648K, used 25631K [0x00000000e0000000, 0x0000000100000000, 0x0000000100000000)
  eden space 449536K, 0% used [0x00000000e0000000,0x00000000e0000000,0x00000000fb700000)
  from space 26112K, 98% used [0x00000000fb700000,0x00000000fd007cc8,0x00000000fd080000)
  to   space 39424K, 0% used [0x00000000fd980000,0x00000000fd980000,0x0000000100000000)
 ParOldGen       total 159744K, used 143782K [0x00000000a0000000, 0x00000000a9c00000, 0x00000000e0000000)
  object space 159744K, 90% used [0x00000000a0000000,0x00000000a8c699d8,0x00000000a9c00000)
 Metaspace       used 109485K, capacity 114858K, committed 114964K, reserved 1148928K
  class space    used 13738K, capacity 14864K, committed 14908K, reserved 1048576K
}
Event: 1569.646 GC heap before
{Heap before GC invocations=42 (full 5):
 PSYoungGen      total 475648K, used 25631K [0x00000000e0000000, 0x0000000100000000, 0x0000000100000000)
  eden space 449536K, 0% used [0x00000000e0000000,0x00000000e0000000,0x00000000fb700000)
  from space 26112K, 98% used [0x00000000fb700000,0x00000000fd007cc8,0x00000000fd080000)
  to   space 39424K, 0% used [0x00000000fd980000,0x00000000fd980000,0x0000000100000000)
 ParOldGen       total 159744K, used 143782K [0x00000000a0000000, 0x00000000a9c00000, 0x00000000e0000000)
  object space 159744K, 90% used [0x00000000a0000000,0x00000000a8c699d8,0x00000000a9c00000)
 Metaspace       used 109485K, capacity 114858K, committed 114964K, reserved 1148928K
  class space    used 13738K, capacity 14864K, committed 14908K, reserved 1048576K

